<?xml version="1.0" encoding="UTF-8"?>
<testng-results ignored="0" total="1" passed="1" failed="0" skipped="0">
  <reporter-output>
  </reporter-output>
  <suite started-at="2024-02-09T06:32:01Z" name="Default suite" finished-at="2024-02-09T06:32:13Z" duration-ms="12089">
    <groups>
    </groups>
    <test started-at="2024-02-09T06:32:01Z" name="Default test" finished-at="2024-02-09T06:32:13Z" duration-ms="12089">
      <class name="Handson.CPTTest">
        <test-method is-config="true" signature="setup()[pri:0, instance:Handson.CPTTest@68dc098b]" started-at="2024-02-09T06:32:01Z" name="setup" finished-at="2024-02-09T06:32:12Z" duration-ms="11211" status="PASS">
          <reporter-output>
          </reporter-output>
        </test-method> <!-- setup -->
        <test-method signature="deviceModeTest()[pri:0, instance:Handson.CPTTest@68dc098b]" started-at="2024-02-09T06:32:12Z" name="deviceModeTest" finished-at="2024-02-09T06:32:13Z" duration-ms="838" status="PASS">
          <reporter-output>
          </reporter-output>
        </test-method> <!-- deviceModeTest -->
      </class> <!-- Handson.CPTTest -->
    </test> <!-- Default test -->
  </suite> <!-- Default suite -->
</testng-results>
